执行时间: 2026-01-16 17:49:07.550962
命令: pwsh -File "D:\GitHub\SuperITOM\scripts\windows\git_auto_commit.ps1" -CommitMessage "Auto commit: 2026-01-16 17:26:01" -Branch "main"

执行过程和结果:
==================================================

[2026-01-16 17:49:08] [INFO] === Git Auto Commit and Push ===
[2026-01-16 17:49:08] [INFO] Repository: D:\GitHub\SuperITOM
[2026-01-16 17:49:08] [INFO] Branch: main
[2026-01-16 17:49:08] [INFO] Current branch: main
[2026-01-16 17:49:08] [INFO] Changes detected:
[2026-01-16 17:49:08] [INFO]   Untracked: 20 file(s)
[2026-01-16 17:49:08] [INFO]     - logs/firstwin_test_20260116_111826.log
[2026-01-16 17:49:08] [INFO]     - logs/firstwin_test_20260116_112128.log
[2026-01-16 17:49:08] [INFO]     - logs/firstwin_test_20260116_112450.log
[2026-01-16 17:49:08] [INFO]     - logs/firstwin_test_20260116_115617.log
[2026-01-16 17:49:08] [INFO]     - logs/firstwin_test_20260116_115914.log
[2026-01-16 17:49:08] [INFO]     - logs/firstwin_test_20260116_115932.log
[2026-01-16 17:49:08] [INFO]     - logs/firstwin_test_20260116_140410.log
[2026-01-16 17:49:08] [INFO]     - logs/firstwin_test_20260116_144717.log
[2026-01-16 17:49:08] [INFO]     - logs/firstwin_test_20260116_153640.log
[2026-01-16 17:49:08] [INFO]     - logs/firstwin_test_20260116_153806.log
[2026-01-16 17:49:08] [INFO]     - logs/firstwin_test_20260116_153943.log
[2026-01-16 17:49:08] [INFO]     - logs/firstwin_test_20260116_154217.log
[2026-01-16 17:49:08] [INFO]     - logs/firstwin_test_20260116_154618.log
[2026-01-16 17:49:08] [INFO]     - logs/firstwin_test_20260116_155227.log
[2026-01-16 17:49:08] [INFO]     - logs/firstwin_test_20260116_155623.log
[2026-01-16 17:49:08] [INFO]     - logs/firstwin_test_20260116_160042.log
[2026-01-16 17:49:08] [INFO]     - logs/firstwin_test_20260116_163805.log
[2026-01-16 17:49:08] [INFO]     - logs/firstwin_test_20260116_164000.log
[2026-01-16 17:49:08] [INFO]     - logs/firstwin_test_20260116_164556.log
[2026-01-16 17:49:08] [INFO]     - logs/git_commit_20260116_174907.log
[2026-01-16 17:49:08] [INFO] Adding all changes...
[2026-01-16 17:49:09] [INFO] Committing with message: Auto commit: 2026-01-16 17:26:01
[main 9fba466] Auto commit: 2026-01-16 17:26:01
 Committer: unknown <daishigong@lvcc.org>
Your name and email address were configured automatically based
on your username and hostname. Please check that they are accurate.
You can suppress this message by setting them explicitly. Run the
following command and follow the instructions in your editor to edit
your configuration file:

    git config --global --edit

After doing this, you may fix the identity used for this commit with:

    git commit --amend --reset-author

 26 files changed, 641 insertions(+), 576 deletions(-)
 create mode 100644 logs/firstwin_test_20260116_111826.log
 create mode 100644 logs/firstwin_test_20260116_112128.log
 create mode 100644 logs/firstwin_test_20260116_112450.log
 create mode 100644 logs/firstwin_test_20260116_115617.log
 create mode 100644 logs/firstwin_test_20260116_115914.log
 create mode 100644 logs/firstwin_test_20260116_115932.log
 create mode 100644 logs/firstwin_test_20260116_140410.log
 create mode 100644 logs/firstwin_test_20260116_144717.log
 create mode 100644 logs/firstwin_test_20260116_153640.log
 create mode 100644 logs/firstwin_test_20260116_153806.log
 create mode 100644 logs/firstwin_test_20260116_153943.log
 create mode 100644 logs/firstwin_test_20260116_154217.log
 create mode 100644 logs/firstwin_test_20260116_154618.log
 create mode 100644 logs/firstwin_test_20260116_155227.log
 create mode 100644 logs/firstwin_test_20260116_155623.log
 create mode 100644 logs/firstwin_test_20260116_160042.log
 create mode 100644 logs/firstwin_test_20260116_163805.log
 create mode 100644 logs/firstwin_test_20260116_164000.log
 create mode 100644 logs/firstwin_test_20260116_164556.log
 create mode 100644 logs/git_commit_20260116_174907.log
 delete mode 100644 tools/0_LocalFirst.ps1
[2026-01-16 17:49:09] [INFO] Pushing to origin/main...
[2026-01-16 17:49:13] [INFO] === Successfully committed and pushed ===

==================================================
执行完成！
