执行时间: 2026-01-16 21:20:46.388404
命令: pwsh -File "D:\GitHub\SuperITOM\scripts\windows\git_auto_commit.ps1" -CommitMessage "Auto commit: 2026-01-16 21:20:28" -Branch "main"

执行过程和结果:
==================================================

[2026-01-16 21:20:46] [INFO] === Git Auto Commit and Push ===
[2026-01-16 21:20:47] [INFO] Repository: D:\GitHub\SuperITOM
[2026-01-16 21:20:47] [INFO] Branch: main
[2026-01-16 21:20:47] [INFO] Current branch: main
[2026-01-16 21:20:47] [INFO] Changes detected:
[2026-01-16 21:20:47] [INFO]   Untracked: 1 file(s)
[2026-01-16 21:20:47] [INFO]     - logs/git_commit_20260116_212046.log
[2026-01-16 21:20:47] [INFO] Adding all changes...
[2026-01-16 21:20:47] [INFO] Committing with message: Auto commit: 2026-01-16 21:20:28
[main f22ca2e] Auto commit: 2026-01-16 21:20:28
 Committer: unknown <daishigong@lvcc.org>
Your name and email address were configured automatically based
on your username and hostname. Please check that they are accurate.
You can suppress this message by setting them explicitly. Run the
following command and follow the instructions in your editor to edit
your configuration file:

    git config --global --edit

After doing this, you may fix the identity used for this commit with:

    git commit --amend --reset-author

 5 files changed, 204 insertions(+), 2 deletions(-)
 create mode 100644 logs/git_commit_20260116_212046.log
[2026-01-16 21:20:47] [INFO] Pushing to origin/main...
[2026-01-16 21:20:51] [INFO] === Successfully committed and pushed ===

==================================================
执行完成！
