执行时间: 2026-01-16 09:56:47.996602
命令: pwsh -File "D:/GitHub/SuperITOM/scripts/windows/git_auto_commit.ps1" -CommitMessage "Auto commit: 2026-01-16 09:56:43" -Branch "main"

执行过程和结果:
==================================================

[2026-01-16 09:56:48] [INFO] === Git Auto Commit and Push ===
[2026-01-16 09:56:48] [INFO] Repository: D:\GitHub\SuperITOM
[2026-01-16 09:56:48] [INFO] Branch: main
[2026-01-16 09:56:48] [INFO] Current branch: main
[2026-01-16 09:56:49] [INFO] Changes detected:
[2026-01-16 09:56:49] [INFO]   Untracked: 5 file(s)
[2026-01-16 09:56:49] [INFO]     - logs/firstwin_test_20260116_090921.log
[2026-01-16 09:56:49] [INFO]     - logs/firstwin_test_20260116_091737.log
[2026-01-16 09:56:49] [INFO]     - logs/firstwin_test_20260116_092134.log
[2026-01-16 09:56:49] [INFO]     - logs/git_commit_20260116_095647.log
[2026-01-16 09:56:49] [INFO]     - tools/0_LocalFirst.ps1
[2026-01-16 09:56:49] [INFO] Adding all changes...
[2026-01-16 09:56:49] [INFO] Committing with message: Auto commit: 2026-01-16 09:56:43
[main 40b8076] Auto commit: 2026-01-16 09:56:43
 Committer: unknown <daishigong@lvcc.org>
Your name and email address were configured automatically based
on your username and hostname. Please check that they are accurate.
You can suppress this message by setting them explicitly. Run the
following command and follow the instructions in your editor to edit
your configuration file:

    git config --global --edit

After doing this, you may fix the identity used for this commit with:

    git commit --amend --reset-author

 9 files changed, 797 insertions(+)
 create mode 100644 logs/firstwin_test_20260116_090921.log
 create mode 100644 logs/firstwin_test_20260116_091737.log
 create mode 100644 logs/firstwin_test_20260116_092134.log
 create mode 100644 logs/git_commit_20260116_095647.log
 create mode 100644 tools/0_LocalFirst.ps1
[2026-01-16 09:56:49] [INFO] Pushing to origin/main...
[2026-01-16 09:57:41] [INFO] === Successfully committed and pushed ===

==================================================
执行完成！
